<?xml version="1.0" encoding="UTF-8"?><testsuite errors="0" failures="1" name="Segundo cambio de apps" skipped="0" tests="1" time="93.75" timestamp="2023-01-24 12:56:08"><testcase name="validar  segundo cambio  de apps $4990"><failure message="Expected enabled element was not enabled" type="net.thucydides.core.webdriver.exceptions.ElementShouldBeEnabledException">Expected enabled element was not enabled</failure><system-err>Expected enabled element was not enabled&#13;
testing.sqa.tasks.SegundoCambio.performAs(SegundoCambio.java:18)&#13;
stepdefinitions.SegundoCambioAppsStepDefinitions.selecionaElBotonAceptar(SegundoCambioAppsStepDefinitions.java:27)&#13;
cucumber.runner.Runner.runPickle(Runner.java:80)&#13;
worker.org.gradle.process.internal.worker.GradleWorkerMain.run(GradleWorkerMain.java:69)&#13;
worker.org.gradle.process.internal.worker.GradleWorkerMain.main(GradleWorkerMain.java:74)&#13;
</system-err></testcase></testsuite>