<?xml version="1.0" encoding="UTF-8"?><testsuite errors="1" failures="0" name="Primer cambio de apps" skipped="0" tests="1" time="89.96" timestamp="2023-01-25 07:57:37"><testcase name="validar primer cambio  de apps 0$"><error message="An element could not be located on the page using the given search parameters.&#10;For documentation on this error, please visit: https://www.seleniumhq.org/exceptions/no_such_element.html&#10;Build info: version: '3.141.59', revision: 'e82be7d358', time: '2018-11-14T08:17:03'&#10;System info: host: 'SQAMED-88970', ip: '192.168.1.4', os.name: 'Windows 10', os.arch: 'amd64', os.version: '10.0', java.version: '11.0.15.1'&#10;Driver info: io.appium.java_client.AppiumDriver&#10;Capabilities {appActivity: .MainActivity, appPackage: movistar.android.app, databaseEnabled: false, desired: {appActivity: .MainActivity, appPackage: movistar.android.app, deviceName: SM-G610M, enableMultiWindows: true, noReset: true, platformName: android, platformVersion: 8.1.0, udid: 52039125ee3064fb}, deviceApiLevel: 27, deviceManufacturer: samsung, deviceModel: SM-G610M, deviceName: 52039125ee3064fb, deviceScreenDensity: 480, deviceScreenSize: 1080x1920, deviceUDID: 52039125ee3064fb, enableMultiWindows: true, javascriptEnabled: true, locationContextEnabled: false, networkConnectionEnabled: true, noReset: true, pixelRatio: 3, platform: LINUX, platformName: Android, platformVersion: 8.1.0, statBarHeight: 72, takesScreenshot: true, udid: 52039125ee3064fb, viewportRect: {height: 1848, left: 0, top: 72, width: 1080}, warnings: {}, webStorageEnabled: false}&#10;Session ID: 208bb3d5-5365-4793-945a-73fbe6f48428&#10;*** Element info: {Using=-android uiautomator, value=new UiScrollable(new UiSelector().scrollable(true).index(0)).scrollIntoView(new UiSelector().text(&quot;Otros servicios&quot;))}" type="org.openqa.selenium.NoSuchElementException">An element could not be located on the page using the given search parameters.
For documentation on this error, please visit: https://www.seleniumhq.org/exceptions/no_such_element.html
Build info: version: '3.141.59', revision: 'e82be7d358', time: '2018-11-14T08:17:03'
System info: host: 'SQAMED-88970', ip: '192.168.1.4', os.name: 'Windows 10', os.arch: 'amd64', os.version: '10.0', java.version: '11.0.15.1'
Driver info: io.appium.java_client.AppiumDriver
Capabilities {appActivity: .MainActivity, appPackage: movistar.android.app, databaseEnabled: false, desired: {appActivity: .MainActivity, appPackage: movistar.android.app, deviceName: SM-G610M, enableMultiWindows: true, noReset: true, platformName: android, platformVersion: 8.1.0, udid: 52039125ee3064fb}, deviceApiLevel: 27, deviceManufacturer: samsung, deviceModel: SM-G610M, deviceName: 52039125ee3064fb, deviceScreenDensity: 480, deviceScreenSize: 1080x1920, deviceUDID: 52039125ee3064fb, enableMultiWindows: true, javascriptEnabled: true, locationContextEnabled: false, networkConnectionEnabled: true, noReset: true, pixelRatio: 3, platform: LINUX, platformName: Android, platformVersion: 8.1.0, statBarHeight: 72, takesScreenshot: true, udid: 52039125ee3064fb, viewportRect: {height: 1848, left: 0, top: 72, width: 1080}, warnings: {}, webStorageEnabled: false}
Session ID: 208bb3d5-5365-4793-945a-73fbe6f48428
*** Element info: {Using=-android uiautomator, value=new UiScrollable(new UiSelector().scrollable(true).index(0)).scrollIntoView(new UiSelector().text("Otros servicios"))}</error><system-err>An element could not be located on the page using the given search parameters.
For documentation on this error, please visit: https://www.seleniumhq.org/exceptions/no_such_element.html
Build info: version: '3.141.59', revision: 'e82be7d358', time: '2018-11-14T08:17:03'
System info: host: 'SQAMED-88970', ip: '192.168.1.4', os.name: 'Windows 10', os.arch: 'amd64', os.version: '10.0', java.version: '11.0.15.1'
Driver info: io.appium.java_client.AppiumDriver
Capabilities {appActivity: .MainActivity, appPackage: movistar.android.app, databaseEnabled: false, desired: {appActivity: .MainActivity, appPackage: movistar.android.app, deviceName: SM-G610M, enableMultiWindows: true, noReset: true, platformName: android, platformVersion: 8.1.0, udid: 52039125ee3064fb}, deviceApiLevel: 27, deviceManufacturer: samsung, deviceModel: SM-G610M, deviceName: 52039125ee3064fb, deviceScreenDensity: 480, deviceScreenSize: 1080x1920, deviceUDID: 52039125ee3064fb, enableMultiWindows: true, javascriptEnabled: true, locationContextEnabled: false, networkConnectionEnabled: true, noReset: true, pixelRatio: 3, platform: LINUX, platformName: Android, platformVersion: 8.1.0, statBarHeight: 72, takesScreenshot: true, udid: 52039125ee3064fb, viewportRect: {height: 1848, left: 0, top: 72, width: 1080}, warnings: {}, webStorageEnabled: false}
Session ID: 208bb3d5-5365-4793-945a-73fbe6f48428
*** Element info: {Using=-android uiautomator, value=new UiScrollable(new UiSelector().scrollable(true).index(0)).scrollIntoView(new UiSelector().text("Otros servicios"))}&#13;
io.appium.java_client.remote.AppiumCommandExecutor.execute(AppiumCommandExecutor.java:247)&#13;
io.appium.java_client.DefaultGenericMobileDriver.execute(DefaultGenericMobileDriver.java:41)&#13;
io.appium.java_client.AppiumDriver.execute(AppiumDriver.java:1)&#13;
io.appium.java_client.DefaultGenericMobileDriver.findElement(DefaultGenericMobileDriver.java:61)&#13;
io.appium.java_client.AppiumDriver.findElement(AppiumDriver.java:1)&#13;
io.appium.java_client.MobileBy.findElement(MobileBy.java:61)&#13;
io.appium.java_client.DefaultGenericMobileDriver.findElement(DefaultGenericMobileDriver.java:57)&#13;
io.appium.java_client.AppiumDriver.findElement(AppiumDriver.java:1)&#13;
testing.sqa.interactions.ScrollDown2.performAs(ScrollDown2.java:15)&#13;
testing.sqa.tasks.PrimerCambio.performAs(PrimerCambio.java:27)&#13;
stepdefinitions.PrimerCambioAppsStepDefinitions.daClickEnBotonAceptar(PrimerCambioAppsStepDefinitions.java:26)&#13;
cucumber.runner.Runner.runPickle(Runner.java:80)&#13;
worker.org.gradle.process.internal.worker.GradleWorkerMain.run(GradleWorkerMain.java:69)&#13;
worker.org.gradle.process.internal.worker.GradleWorkerMain.main(GradleWorkerMain.java:74)&#13;
</system-err></testcase></testsuite>